[INFO] Scanning for projects...
[INFO] 
[INFO] -----------------< com.example:EmployeeMavenJdbc_SU2 >------------------
[INFO] Building EmployeeMavenJdbc_SU2 1.0-SNAPSHOT
[INFO]   from pom.xml
[INFO] --------------------------------[ jar ]---------------------------------
[INFO] 
[INFO] --- exec:3.6.3:java (default-cli) @ EmployeeMavenJdbc_SU2 ---
Username: [WARNING] 
java.util.NoSuchElementException
    at java.util.Scanner.throwFor (Scanner.java:941)
    at java.util.Scanner.next (Scanner.java:1482)
    at com.example.App.main (App.java:14)
    at jdk.internal.reflect.DirectMethodHandleAccessor.invoke (DirectMethodHandleAccessor.java:104)
    at java.lang.reflect.Method.invoke (Method.java:578)
    at org.codehaus.mojo.exec.AbstractExecJavaBase.executeMainMethod (AbstractExecJavaBase.java:402)
    at org.codehaus.mojo.exec.ExecJavaMojo.executeMainMethod (ExecJavaMojo.java:142)
    at org.codehaus.mojo.exec.AbstractExecJavaBase.doExecClassLoader (AbstractExecJavaBase.java:377)
    at org.codehaus.mojo.exec.AbstractExecJavaBase.lambda$execute$0 (AbstractExecJavaBase.java:287)
    at java.lang.Thread.run (Thread.java:1589)
[INFO] ------------------------------------------------------------------------
[INFO] BUILD FAILURE
[INFO] ------------------------------------------------------------------------
[INFO] Total time:  1.211 s
[INFO] Finished at: 2026-01-07T11:11:16+05:30
[INFO] ------------------------------------------------------------------------
[ERROR] Failed to execute goal org.codehaus.mojo:exec-maven-plugin:3.6.3:java (default-cli) on project EmployeeMavenJdbc_SU2: An exception occurred while executing the Java class. null: NoSuchElementException -> [Help 1]
[ERROR] 
[ERROR] To see the full stack trace of the errors, re-run Maven with the -e switch.
[ERROR] Re-run Maven using the -X switch to enable full debug logging.
[ERROR] 
[ERROR] For more information about the errors and possible solutions, please read the following articles:
[ERROR] [Help 1] http://cwiki.apache.org/confluence/display/MAVEN/MojoExecutionException
